\BOOKMARK [1][-]{section.1}{Introduction}{}% 1
\BOOKMARK [1][-]{section.2}{Probability Spaces \046 Random Variables}{}% 2
\BOOKMARK [1][-]{section.3}{Probability as a Sequentially Continuous Set Function}{}% 3
\BOOKMARK [2][-]{subsection.3.1}{Sequential Continuity}{section.3}% 4
\BOOKMARK [2][-]{subsection.3.2}{Distribution Functions}{section.3}% 5
\BOOKMARK [1][-]{section.4}{Gaussian Random Variables}{}% 6
\BOOKMARK [1][-]{section.5}{Expectation and Variance}{}% 7
\BOOKMARK [2][-]{subsection.5.1}{1-dimensional Random Variables}{section.5}% 8
\BOOKMARK [2][-]{subsection.5.2}{Multi-dimensional Random Variables}{section.5}% 9
\BOOKMARK [2][-]{subsection.5.3}{Jensen's Inequality}{section.5}% 10
\BOOKMARK [1][-]{section.6}{Conditional Probability, Independence and Expectation}{}% 11
\BOOKMARK [1][-]{section.7}{Stochastic Processes}{}% 12
\BOOKMARK [1][-]{section.8}{Random Walk in One Dimension}{}% 13
\BOOKMARK [1][-]{section.9}{Brownian Motion \205 The Wiener Process}{}% 14
\BOOKMARK [1][-]{section.10}{Mean-Square Calculus}{}% 15
\BOOKMARK [2][-]{subsection.10.1}{Mean-Square Limit}{section.10}% 16
\BOOKMARK [2][-]{subsection.10.2}{Mean Square Continuity}{section.10}% 17
\BOOKMARK [2][-]{subsection.10.3}{Mean-Square Differentiation}{section.10}% 18
\BOOKMARK [2][-]{subsection.10.4}{Mean-Square Riemann Integration}{section.10}% 19
\BOOKMARK [1][-]{section.11}{Properties of Brownian Motion Paths}{}% 20
\BOOKMARK [2][-]{subsection.11.1}{Brownian motions have finite Quadratic Variation}{section.11}% 21
\BOOKMARK [2][-]{subsection.11.2}{Brownian motions have infinite length}{section.11}% 22
\BOOKMARK [2][-]{subsection.11.3}{On the Non-Differentiability of B.M. paths}{section.11}% 23
\BOOKMARK [2][-]{subsection.11.4}{Brownian motions are ``continuous''}{section.11}% 24
\BOOKMARK [1][-]{section.12}{Ito's Isometry and Ito's Lemma}{}% 25
\BOOKMARK [1][-]{section.13}{Martingales}{}% 26
\BOOKMARK [2][-]{subsection.13.1}{Martingales}{section.13}% 27
\BOOKMARK [2][-]{subsection.13.2}{Sub-and-super martingales}{section.13}% 28
\BOOKMARK [1][-]{section.14}{Appendices}{}% 29
\BOOKMARK [2][-]{subsection.14.1}{Abbreviations and Notation}{section.14}% 30
\BOOKMARK [2][-]{subsection.14.2}{Equivalence Relations}{section.14}% 31
\BOOKMARK [2][-]{subsection.14.3}{Various Modes of Convergence}{section.14}% 32
\BOOKMARK [2][-]{subsection.14.4}{DeMorgan's Laws}{section.14}% 33
\BOOKMARK [2][-]{subsection.14.5}{Fourier Theorems}{section.14}% 34
\BOOKMARK [2][-]{subsection.14.6}{Cauchy-Schwarz Inequality}{section.14}% 35
\BOOKMARK [2][-]{subsection.14.7}{Generating Functions}{section.14}% 36
\BOOKMARK [2][-]{subsection.14.8}{Probabilistic Inequalities}{section.14}% 37
\BOOKMARK [2][-]{subsection.14.9}{Kronecker's Lemma}{section.14}% 38
\BOOKMARK [2][-]{subsection.14.10}{Strong Law of Large Numbers for Independent Random Variables}{section.14}% 39
\BOOKMARK [2][-]{subsection.14.11}{Central Limit Theorem}{section.14}% 40
\BOOKMARK [2][-]{subsection.14.12}{Borel-Cantelli Lemma}{section.14}% 41
\BOOKMARK [2][-]{subsection.14.13}{Partitioned Matrices}{section.14}% 42
\BOOKMARK [1][-]{section.15}{Acknowledgements}{}% 43
